[INFO ] 2023-08-28 12:56:37.959 [main] RestAssuredAutomationFramework - Create User executed.
[INFO ] 2023-08-28 12:56:39.151 [main] RestAssuredAutomationFramework - Get User Data executed.
[INFO ] 2023-08-28 12:56:41.465 [main] RestAssuredAutomationFramework - Update User executed.
[INFO ] 2023-08-28 12:56:42.608 [main] RestAssuredAutomationFramework - Delete User executed.[INFO ] 2023-08-28 13:04:56.930 [main] RestAssuredAutomationFramework_test - Create User executed.
[INFO ] 2023-08-28 13:04:58.087 [main] RestAssuredAutomationFramework_test - Get User Data executed.
[INFO ] 2023-08-28 13:05:00.364 [main] RestAssuredAutomationFramework_test - Update User executed.
[INFO ] 2023-08-28 13:05:01.497 [main] RestAssuredAutomationFramework_test - Delete User executed.[INFO ] 2023-08-28 13:11:55.692 [main] RestAssuredAutomationFramework_test - Create User executed.
[INFO ] 2023-08-28 13:11:56.840 [main] RestAssuredAutomationFramework_test - Get User Data executed.
[INFO ] 2023-08-28 13:11:59.145 [main] RestAssuredAutomationFramework_test - Update User executed.
[INFO ] 2023-08-28 13:12:00.298 [main] RestAssuredAutomationFramework_test - Delete User executed.
[INFO ] 2023-08-28 15:36:23.481 [main] RestAssuredAutomationFramework_test - Create User executed.
[INFO ] 2023-08-28 15:36:24.613 [main] RestAssuredAutomationFramework_test - Get User Data executed.
[INFO ] 2023-08-28 15:36:26.928 [main] RestAssuredAutomationFramework_test - Update User executed.
[INFO ] 2023-08-28 15:36:28.079 [main] RestAssuredAutomationFramework_test - Delete User executed.
[INFO ] 2023-08-29 17:19:59.126 [main] RestAssuredAutomationFramework_test - Create User executed.
[INFO ] 2023-08-29 17:20:00.379 [main] RestAssuredAutomationFramework_test - Get User Data executed.
[INFO ] 2023-08-29 17:20:02.779 [main] RestAssuredAutomationFramework_test - Update User executed.
[INFO ] 2023-08-29 17:20:03.935 [main] RestAssuredAutomationFramework_test - Delete User executed.
[INFO ] 2023-08-29 17:21:00.412 [main] RestAssuredAutomationFramework_test - Create User executed.
[INFO ] 2023-08-29 17:21:01.582 [main] RestAssuredAutomationFramework_test - Get User Data executed.
[INFO ] 2023-08-29 17:21:03.912 [main] RestAssuredAutomationFramework_test - Update User executed.
[INFO ] 2023-08-29 17:21:05.103 [main] RestAssuredAutomationFramework_test - Delete User executed.
[INFO ] 2023-08-29 17:54:55.328 [main] RestAssuredAutomationFramework_test - Create User executed.
[INFO ] 2023-08-29 17:54:56.536 [main] RestAssuredAutomationFramework_test - Get User Data executed.
[INFO ] 2023-08-29 17:54:58.840 [main] RestAssuredAutomationFramework_test - Update User executed.
[INFO ] 2023-08-29 17:54:59.967 [main] RestAssuredAutomationFramework_test - Delete User executed.
[INFO ] 2023-08-29 18:02:36.009 [main] RestAssuredAutomationFramework_test - Create User executed.
[INFO ] 2023-08-29 18:02:37.242 [main] RestAssuredAutomationFramework_test - Get User Data executed.
[INFO ] 2023-08-29 18:02:39.516 [main] RestAssuredAutomationFramework_test - Update User executed.
[INFO ] 2023-08-29 18:02:40.672 [main] RestAssuredAutomationFramework_test - Delete User executed.
[INFO ] 2024-12-14 15:16:56.641 [main] RestAssuredAutomationFramework_test - Create User executed.
[INFO ] 2024-12-14 15:16:58.872 [main] RestAssuredAutomationFramework_test - Get User Data executed.
[INFO ] 2024-12-14 15:17:02.666 [main] RestAssuredAutomationFramework_test - Update User executed.
[INFO ] 2024-12-14 15:17:04.394 [main] RestAssuredAutomationFramework_test - Delete User executed.
[INFO ] 2024-12-16 11:40:45.428 [main] RestAssuredAutomationFramework_test - Create User executed.
[INFO ] 2024-12-16 11:40:46.937 [main] RestAssuredAutomationFramework_test - Get User Data executed.
[INFO ] 2024-12-16 11:40:49.906 [main] RestAssuredAutomationFramework_test - Update User executed.
[INFO ] 2024-12-16 11:40:51.308 [main] RestAssuredAutomationFramework_test - Delete User executed.
[INFO ] 2024-12-16 11:54:26.642 [main] RestAssuredAutomationFramework_test - Create User executed.
[INFO ] 2024-12-16 11:54:28.182 [main] RestAssuredAutomationFramework_test - Get User Data executed.
[INFO ] 2024-12-16 11:54:31.048 [main] RestAssuredAutomationFramework_test - Update User executed.
[INFO ] 2024-12-16 11:54:32.491 [main] RestAssuredAutomationFramework_test - Delete User executed.
[INFO ] 2024-12-16 12:26:42.371 [main] RestAssuredAutomationFramework_test - Create User executed.
[INFO ] 2024-12-16 12:26:44.010 [main] RestAssuredAutomationFramework_test - Get User Data executed.
[INFO ] 2024-12-16 12:26:47.019 [main] RestAssuredAutomationFramework_test - Update User executed.
[INFO ] 2024-12-16 12:26:48.422 [main] RestAssuredAutomationFramework_test - Delete User executed.
[INFO ] 2024-12-16 12:43:08.286 [main] RestAssuredAutomationFramework_test - Create User executed.
[INFO ] 2024-12-16 12:43:09.730 [main] RestAssuredAutomationFramework_test - Get User Data executed.
[INFO ] 2024-12-16 12:43:12.648 [main] RestAssuredAutomationFramework_test - Update User executed.
[INFO ] 2024-12-16 12:43:14.099 [main] RestAssuredAutomationFramework_test - Delete User executed.
[INFO ] 2024-12-16 12:44:06.390 [main] RestAssuredAutomationFramework_test - Create User executed.
[INFO ] 2024-12-16 12:44:07.938 [main] RestAssuredAutomationFramework_test - Get User Data executed.
[INFO ] 2024-12-16 12:44:10.973 [main] RestAssuredAutomationFramework_test - Update User executed.
[INFO ] 2024-12-16 12:44:12.445 [main] RestAssuredAutomationFramework_test - Delete User executed.
[INFO ] 2024-12-16 14:41:22.564 [main] RestAssuredAutomationFramework_test - Create User executed.
[INFO ] 2024-12-16 14:41:24.089 [main] RestAssuredAutomationFramework_test - Get User Data executed.
[INFO ] 2024-12-16 14:41:27.041 [main] RestAssuredAutomationFramework_test - Update User executed.
[INFO ] 2024-12-16 14:41:28.595 [main] RestAssuredAutomationFramework_test - Delete User executed.
[INFO ] 2024-12-16 14:47:25.055 [main] RestAssuredAutomationFramework_test - Create User executed.
[INFO ] 2024-12-16 14:47:26.559 [main] RestAssuredAutomationFramework_test - Get User Data executed.
[INFO ] 2024-12-16 14:47:30.243 [main] RestAssuredAutomationFramework_test - Update User executed.
[INFO ] 2024-12-16 14:47:31.685 [main] RestAssuredAutomationFramework_test - Delete User executed.
[INFO ] 2024-12-16 14:54:55.834 [main] RestAssuredAutomationFramework_test - Create User executed.
[INFO ] 2024-12-16 14:54:57.367 [main] RestAssuredAutomationFramework_test - Get User Data executed.
[INFO ] 2024-12-16 14:55:00.421 [main] RestAssuredAutomationFramework_test - Update User executed.
[INFO ] 2024-12-16 14:55:01.852 [main] RestAssuredAutomationFramework_test - Delete User executed.
